<?xml version="1.0" encoding="UTF-8"?>
<testsuite name="com.yourmd.search.dictionary.DictionaryTest" tests="0" skipped="0" failures="0" errors="0" timestamp="1970-01-01T00:00:00" hostname="EPGBLONW0068" time="0.0">
  <properties/>
  <system-out><![CDATA[2016-03-20 23:28:44.933  INFO   --- [    Test worker] o.s.t.c.support.AbstractContextLoader    : Could not detect default resource locations for test class [com.yourmd.search.dictionary.DictionaryTest]: no resource found for suffixes {-context.xml, Context.groovy}.
2016-03-20 23:28:44.949  INFO   --- [    Test worker] o.s.t.c.s.DefaultTestContextBootstrapper : Loaded default TestExecutionListener class names from location [META-INF/spring.factories]: [org.springframework.test.context.web.ServletTestExecutionListener, org.springframework.test.context.support.DirtiesContextBeforeModesTestExecutionListener, org.springframework.test.context.support.DependencyInjectionTestExecutionListener, org.springframework.test.context.support.DirtiesContextTestExecutionListener, org.springframework.test.context.transaction.TransactionalTestExecutionListener, org.springframework.test.context.jdbc.SqlScriptsTestExecutionListener]
2016-03-20 23:28:45.004  INFO   --- [    Test worker] o.s.t.c.s.DefaultTestContextBootstrapper : Using TestExecutionListeners: [org.springframework.test.context.web.ServletTestExecutionListener@49ab99fb, org.springframework.test.context.support.DirtiesContextBeforeModesTestExecutionListener@53056b5c, org.springframework.test.context.support.DependencyInjectionTestExecutionListener@75283b12, org.springframework.test.context.support.DirtiesContextTestExecutionListener@7a8fe80a, org.springframework.test.context.transaction.TransactionalTestExecutionListener@6f7ec2e1, org.springframework.test.context.jdbc.SqlScriptsTestExecutionListener@17590bd9]
]]></system-out>
  <system-err><![CDATA[]]></system-err>
</testsuite>
