<?xml version="1.0" encoding="UTF-8"?>
<testsuite name="com.yourmd.search.dictionary.DictionaryTest" tests="3" skipped="0" failures="0" errors="0" timestamp="2016-03-19T23:04:24" hostname="EPGBLONW0068" time="0.012">
  <properties/>
  <testcase name="testGetIndexOf" classname="com.yourmd.search.dictionary.DictionaryTest" time="0.007"/>
  <testcase name="testGetValue" classname="com.yourmd.search.dictionary.DictionaryTest" time="0.0"/>
  <testcase name="testSingleton" classname="com.yourmd.search.dictionary.DictionaryTest" time="0.001"/>
  <system-out><![CDATA[2016-03-19 23:04:21.391  INFO   --- [    Test worker] o.s.t.c.support.AbstractContextLoader    : Could not detect default resource locations for test class [com.yourmd.search.dictionary.DictionaryTest]: no resource found for suffixes {-context.xml, Context.groovy}.
2016-03-19 23:04:21.415  INFO   --- [    Test worker] o.s.t.c.s.DefaultTestContextBootstrapper : Loaded default TestExecutionListener class names from location [META-INF/spring.factories]: [org.springframework.test.context.web.ServletTestExecutionListener, org.springframework.test.context.support.DirtiesContextBeforeModesTestExecutionListener, org.springframework.test.context.support.DependencyInjectionTestExecutionListener, org.springframework.test.context.support.DirtiesContextTestExecutionListener, org.springframework.test.context.transaction.TransactionalTestExecutionListener, org.springframework.test.context.jdbc.SqlScriptsTestExecutionListener]
2016-03-19 23:04:21.445  INFO   --- [    Test worker] o.s.t.c.s.DefaultTestContextBootstrapper : Using TestExecutionListeners: [org.springframework.test.context.web.ServletTestExecutionListener@49ab99fb, org.springframework.test.context.support.DirtiesContextBeforeModesTestExecutionListener@53056b5c, org.springframework.test.context.support.DependencyInjectionTestExecutionListener@75283b12, org.springframework.test.context.support.DirtiesContextTestExecutionListener@7a8fe80a, org.springframework.test.context.transaction.TransactionalTestExecutionListener@6f7ec2e1, org.springframework.test.context.jdbc.SqlScriptsTestExecutionListener@17590bd9]

  .   ____          _            __ _ _
 /\\ / ___'_ __ _ _(_)_ __  __ _ \ \ \ \
( ( )\___ | '_ | '_| | '_ \/ _` | \ \ \ \
 \\/  ___)| |_)| | | | | || (_| |  ) ) ) )
  '  |____| .__|_| |_|_| |_\__, | / / / /
 =========|_|==============|___/=/_/_/_/
 :: Spring Boot ::        (v1.3.3.RELEASE)

2016-03-19 23:04:21.995  INFO 26952 --- [    Test worker] c.y.search.dictionary.DictionaryTest     : Starting DictionaryTest on EPGBLONW0068 with PID 26952 (D:\Dev\Your.MD\build\classes\test started by Ievgen_Bogdanov in D:\Dev\Your.MD)
2016-03-19 23:04:21.996  INFO 26952 --- [    Test worker] c.y.search.dictionary.DictionaryTest     : No active profile set, falling back to default profiles: default
2016-03-19 23:04:22.047  INFO 26952 --- [    Test worker] s.c.a.AnnotationConfigApplicationContext : Refreshing org.springframework.context.annotation.AnnotationConfigApplicationContext@2c18a213: startup date [Sat Mar 19 23:04:22 GMT 2016]; root of context hierarchy
2016-03-19 23:04:22.952  INFO 26952 --- [    Test worker] o.s.b.f.s.DefaultListableBeanFactory     : Overriding bean definition for bean 'elasticsearchTemplate' with a different definition: replacing [Root bean: class [null]; scope=; abstract=false; lazyInit=false; autowireMode=3; dependencyCheck=0; autowireCandidate=true; primary=false; factoryBeanName=appConfiguration; factoryMethodName=elasticsearchTemplate; initMethodName=null; destroyMethodName=(inferred); defined in class path resource [com/yourmd/search/configuration/AppConfiguration.class]] with [Root bean: class [null]; scope=; abstract=false; lazyInit=false; autowireMode=3; dependencyCheck=0; autowireCandidate=true; primary=false; factoryBeanName=org.springframework.boot.autoconfigure.data.elasticsearch.ElasticsearchDataAutoConfiguration; factoryMethodName=elasticsearchTemplate; initMethodName=null; destroyMethodName=(inferred); defined in class path resource [org/springframework/boot/autoconfigure/data/elasticsearch/ElasticsearchDataAutoConfiguration.class]]
2016-03-19 23:04:23.691  INFO 26952 --- [    Test worker] org.elasticsearch.plugins                : [Frog-Man] loaded [], sites []
2016-03-19 23:04:24.548  INFO 26952 --- [    Test worker] com.yourmd.search.dictionary.Dictionary  : Starting to cache dictionary from src/main/resources/phrases
2016-03-19 23:04:24.600  INFO 26952 --- [    Test worker] com.yourmd.search.dictionary.Dictionary  : Ended caching dictionary size:17163 in 50 ms
2016-03-19 23:04:24.890 DEBUG 26952 --- [    Test worker] o.s.w.c.s.StandardServletEnvironment     : Adding [servletConfigInitParams] PropertySource with lowest search precedence
2016-03-19 23:04:24.891 DEBUG 26952 --- [    Test worker] o.s.w.c.s.StandardServletEnvironment     : Adding [servletContextInitParams] PropertySource with lowest search precedence
2016-03-19 23:04:24.894 DEBUG 26952 --- [    Test worker] o.s.w.c.s.StandardServletEnvironment     : Adding [systemProperties] PropertySource with lowest search precedence
2016-03-19 23:04:24.894 DEBUG 26952 --- [    Test worker] o.s.w.c.s.StandardServletEnvironment     : Adding [systemEnvironment] PropertySource with lowest search precedence
2016-03-19 23:04:24.894 DEBUG 26952 --- [    Test worker] o.s.w.c.s.StandardServletEnvironment     : Initialized StandardServletEnvironment with PropertySources [servletConfigInitParams,servletContextInitParams,systemProperties,systemEnvironment]
2016-03-19 23:04:24.966  INFO 26952 --- [    Test worker] c.y.search.dictionary.DictionaryTest     : Started DictionaryTest in 3.401 seconds (JVM running for 5.979)
]]></system-out>
  <system-err><![CDATA[]]></system-err>
</testsuite>
